2020-02-19 09:54:58,967 DEBUG - Starting WinSW in the CLI mode
2020-02-19 09:54:59,774 INFO  - Installing the service with id 'ez-learner-service'
2020-02-19 09:54:59,797 FATAL - WMI Operation failure: AccessDenied
WMI.WmiException: AccessDenied
   at WMI.WmiRoot.BaseHandler.CheckError(ManagementBaseObject result)
   at WMI.WmiRoot.ClassHandler.Invoke(Object proxy, MethodInfo method, Object[] arguments)
   at winsw.WrapperService.Run(String[] _args, ServiceDescriptor descriptor)
   at winsw.WrapperService.Main(String[] args)
2020-02-19 09:55:59,663 DEBUG - Starting WinSW in the CLI mode
2020-02-19 09:55:59,944 INFO  - Installing the service with id 'ez-learner-service'
2020-02-19 09:55:59,967 DEBUG - Completed. Exit code is 0
2020-02-19 09:57:55,777 DEBUG - Starting WinSW in the service mode
2020-02-19 09:57:55,919 INFO  - Starting java -jar F:\Android\Work\Onlab\Backend\Service\ez-learner-service.jar
2020-02-19 09:57:55,959 INFO  - Started process 3832
2020-02-19 09:57:55,970 DEBUG - Forwarding logs of the process System.Diagnostics.Process (java) to winsw.DefaultLogAppender
2020-02-19 10:00:23,764 INFO  - Stopping ez-learner-service
2020-02-19 10:00:23,772 DEBUG - ProcessKill 3832
2020-02-19 10:00:23,906 INFO  - Found child process: 12740 Name: conhost.exe
2020-02-19 10:00:23,947 INFO  - Stopping process 12740
2020-02-19 10:00:23,956 INFO  - Send SIGINT 12740
2020-02-19 10:00:24,131 WARN  - SIGINT to 12740 failed - Killing as fallback
2020-02-19 10:00:24,142 INFO  - Stopping process 3832
2020-02-19 10:00:24,149 INFO  - Send SIGINT 3832
2020-02-19 10:00:24,156 WARN  - SIGINT to 3832 failed - Killing as fallback
2020-02-19 10:00:24,161 INFO  - Finished ez-learner-service
2020-02-19 10:00:24,168 DEBUG - Completed. Exit code is 0
2020-02-19 10:00:32,434 DEBUG - Starting WinSW in the service mode
2020-02-19 10:00:32,465 INFO  - Starting java -jar F:\Android\Work\Onlab\Backend\Service\ez-learner-service.jar
2020-02-19 10:00:32,481 INFO  - Started process 9656
2020-02-19 10:00:32,497 DEBUG - Forwarding logs of the process System.Diagnostics.Process (java) to winsw.DefaultLogAppender
2020-02-19 10:37:43,350 INFO  - Stopping ez-learner-service
2020-02-19 10:37:43,643 DEBUG - ProcessKill 9656
2020-02-19 10:37:43,739 INFO  - Found child process: 7284 Name: conhost.exe
2020-02-19 10:37:43,787 INFO  - Stopping process 7284
2020-02-19 10:37:43,795 INFO  - Send SIGINT 7284
2020-02-19 10:37:43,800 WARN  - SIGINT to 7284 failed - Killing as fallback
2020-02-19 10:37:43,806 INFO  - Stopping process 9656
2020-02-19 10:37:43,814 INFO  - Send SIGINT 9656
2020-02-19 10:37:43,819 WARN  - SIGINT to 9656 failed - Killing as fallback
2020-02-19 10:37:43,826 INFO  - Finished ez-learner-service
2020-02-19 10:37:43,832 DEBUG - Completed. Exit code is 0
2020-02-19 10:37:44,781 DEBUG - Starting WinSW in the service mode
2020-02-19 10:37:44,804 INFO  - Starting java -jar F:\Android\Work\Onlab\Backend\Service\ez-learner-service.jar
2020-02-19 10:37:44,829 INFO  - Started process 1896
2020-02-19 10:37:44,839 DEBUG - Forwarding logs of the process System.Diagnostics.Process (java) to winsw.DefaultLogAppender
2020-02-19 11:22:47,624 INFO  - Stopping ez-learner-service
2020-02-19 11:22:47,624 DEBUG - ProcessKill 1896
2020-02-19 11:22:47,764 INFO  - Found child process: 13340 Name: conhost.exe
2020-02-19 11:22:47,811 INFO  - Stopping process 13340
2020-02-19 11:22:47,827 INFO  - Send SIGINT 13340
2020-02-19 11:22:47,858 WARN  - SIGINT to 13340 failed - Killing as fallback
2020-02-19 11:22:47,858 INFO  - Stopping process 1896
2020-02-19 11:22:47,874 INFO  - Send SIGINT 1896
2020-02-19 11:22:47,874 WARN  - SIGINT to 1896 failed - Killing as fallback
2020-02-19 11:22:47,889 INFO  - Finished ez-learner-service
2020-02-19 11:22:47,889 DEBUG - Completed. Exit code is 0
2020-02-19 11:26:29,476 DEBUG - Starting WinSW in the service mode
2020-02-19 11:26:29,500 INFO  - Starting java -jar F:\Android\Work\Onlab\Backend\Service\ez-learner-service.jar
2020-02-19 11:26:29,527 INFO  - Started process 7204
2020-02-19 11:26:29,537 DEBUG - Forwarding logs of the process System.Diagnostics.Process (java) to winsw.DefaultLogAppender
2020-02-19 11:27:00,835 INFO  - Stopping ez-learner-service
2020-02-19 11:27:00,844 DEBUG - ProcessKill 7204
2020-02-19 11:27:00,945 INFO  - Found child process: 2468 Name: conhost.exe
2020-02-19 11:27:00,971 INFO  - Stopping process 2468
2020-02-19 11:27:00,978 INFO  - Send SIGINT 2468
2020-02-19 11:27:00,983 WARN  - SIGINT to 2468 failed - Killing as fallback
2020-02-19 11:27:00,989 INFO  - Stopping process 7204
2020-02-19 11:27:00,998 INFO  - Send SIGINT 7204
2020-02-19 11:27:01,002 WARN  - SIGINT to 7204 failed - Killing as fallback
2020-02-19 11:27:01,010 INFO  - Finished ez-learner-service
2020-02-19 11:27:01,017 DEBUG - Completed. Exit code is 0
2020-02-19 19:25:13,427 DEBUG - Starting WinSW in the service mode
2020-02-19 19:25:13,551 INFO  - Starting java -jar F:\Android\Work\Onlab\Backend\Service\ez-learner-service.jar
2020-02-19 19:25:13,599 INFO  - Started process 10060
2020-02-19 19:25:13,616 DEBUG - Forwarding logs of the process System.Diagnostics.Process (java) to winsw.DefaultLogAppender
2020-02-19 19:28:50,527 INFO  - Stopping ez-learner-service
2020-02-19 19:28:50,550 DEBUG - ProcessKill 10060
2020-02-19 19:28:50,916 INFO  - Found child process: 4180 Name: conhost.exe
2020-02-19 19:28:50,982 INFO  - Stopping process 4180
2020-02-19 19:28:50,999 INFO  - Send SIGINT 4180
2020-02-19 19:28:51,015 WARN  - SIGINT to 4180 failed - Killing as fallback
2020-02-19 19:28:51,037 INFO  - Stopping process 10060
2020-02-19 19:28:51,060 INFO  - Send SIGINT 10060
2020-02-19 19:28:51,077 WARN  - SIGINT to 10060 failed - Killing as fallback
2020-02-19 19:28:51,099 INFO  - Finished ez-learner-service
2020-02-19 19:28:51,118 DEBUG - Completed. Exit code is 0
2020-02-19 19:32:33,206 DEBUG - Starting WinSW in the service mode
2020-02-19 19:32:33,249 INFO  - Starting java -jar F:\Android\Work\Onlab\Backend\Service\ez-learner-service.jar
2020-02-19 19:32:33,289 INFO  - Started process 6128
2020-02-19 19:32:33,305 DEBUG - Forwarding logs of the process System.Diagnostics.Process (java) to winsw.DefaultLogAppender
2020-02-19 19:35:50,947 INFO  - Stopping ez-learner-service
2020-02-19 19:35:50,957 DEBUG - ProcessKill 6128
2020-02-19 19:35:51,271 INFO  - Found child process: 14392 Name: conhost.exe
2020-02-19 19:35:51,341 INFO  - Stopping process 14392
2020-02-19 19:35:51,351 INFO  - Send SIGINT 14392
2020-02-19 19:35:51,360 WARN  - SIGINT to 14392 failed - Killing as fallback
2020-02-19 19:35:51,372 INFO  - Stopping process 6128
2020-02-19 19:35:51,386 INFO  - Send SIGINT 6128
2020-02-19 19:35:51,392 WARN  - SIGINT to 6128 failed - Killing as fallback
2020-02-19 19:35:51,408 INFO  - Finished ez-learner-service
2020-02-19 19:35:51,419 DEBUG - Completed. Exit code is 0
